<?xml version="1.0" encoding="UTF-8"?>
<coverage generated="1681468446146" clover="3.2.0">
  <project timestamp="1681468446146" name="All files">
    <metrics statements="176" coveredstatements="150" conditionals="17" coveredconditionals="0" methods="32" coveredmethods="24" elements="225" coveredelements="174" complexity="0" loc="176" ncloc="176" packages="10" files="28" classes="28"/>
    <package name="assets.styles">
      <metrics statements="3" coveredstatements="3" conditionals="0" coveredconditionals="0" methods="0" coveredmethods="0"/>
      <file name="loginForm.css" path="C:\Users\PERSONAL\source\HouseOfCode\HomeOfCodeFront\src\assets\styles\loginForm.css">
        <metrics statements="3" coveredstatements="3" conditionals="0" coveredconditionals="0" methods="0" coveredmethods="0"/>
        <line num="1" count="1" type="stmt"/>
        <line num="3" count="1" type="stmt"/>
        <line num="4" count="1" type="stmt"/>
      </file>
    </package>
    <package name="assets.styles.classes">
      <metrics statements="3" coveredstatements="3" conditionals="0" coveredconditionals="0" methods="0" coveredmethods="0"/>
      <file name="ClassesSNavStyle.css" path="C:\Users\PERSONAL\source\HouseOfCode\HomeOfCodeFront\src\assets\styles\classes\ClassesSNavStyle.css">
        <metrics statements="3" coveredstatements="3" conditionals="0" coveredconditionals="0" methods="0" coveredmethods="0"/>
        <line num="1" count="1" type="stmt"/>
        <line num="3" count="1" type="stmt"/>
        <line num="4" count="1" type="stmt"/>
      </file>
    </package>
    <package name="assets.styles.home">
      <metrics statements="18" coveredstatements="18" conditionals="0" coveredconditionals="0" methods="0" coveredmethods="0"/>
      <file name="HomeAbStyle.css" path="C:\Users\PERSONAL\source\HouseOfCode\HomeOfCodeFront\src\assets\styles\home\HomeAbStyle.css">
        <metrics statements="3" coveredstatements="3" conditionals="0" coveredconditionals="0" methods="0" coveredmethods="0"/>
        <line num="1" count="1" type="stmt"/>
        <line num="3" count="1" type="stmt"/>
        <line num="4" count="1" type="stmt"/>
      </file>
      <file name="HomeCtStyle.css" path="C:\Users\PERSONAL\source\HouseOfCode\HomeOfCodeFront\src\assets\styles\home\HomeCtStyle.css">
        <metrics statements="3" coveredstatements="3" conditionals="0" coveredconditionals="0" methods="0" coveredmethods="0"/>
        <line num="1" count="1" type="stmt"/>
        <line num="3" count="1" type="stmt"/>
        <line num="4" count="1" type="stmt"/>
      </file>
      <file name="HomeFtStyle.css" path="C:\Users\PERSONAL\source\HouseOfCode\HomeOfCodeFront\src\assets\styles\home\HomeFtStyle.css">
        <metrics statements="3" coveredstatements="3" conditionals="0" coveredconditionals="0" methods="0" coveredmethods="0"/>
        <line num="1" count="1" type="stmt"/>
        <line num="3" count="1" type="stmt"/>
        <line num="4" count="1" type="stmt"/>
      </file>
      <file name="HomeHdStyle.css" path="C:\Users\PERSONAL\source\HouseOfCode\HomeOfCodeFront\src\assets\styles\home\HomeHdStyle.css">
        <metrics statements="3" coveredstatements="3" conditionals="0" coveredconditionals="0" methods="0" coveredmethods="0"/>
        <line num="1" count="1" type="stmt"/>
        <line num="3" count="1" type="stmt"/>
        <line num="4" count="1" type="stmt"/>
      </file>
      <file name="HomeNavStyle.css" path="C:\Users\PERSONAL\source\HouseOfCode\HomeOfCodeFront\src\assets\styles\home\HomeNavStyle.css">
        <metrics statements="3" coveredstatements="3" conditionals="0" coveredconditionals="0" methods="0" coveredmethods="0"/>
        <line num="1" count="1" type="stmt"/>
        <line num="3" count="1" type="stmt"/>
        <line num="4" count="1" type="stmt"/>
      </file>
      <file name="HomePfStyle.css" path="C:\Users\PERSONAL\source\HouseOfCode\HomeOfCodeFront\src\assets\styles\home\HomePfStyle.css">
        <metrics statements="3" coveredstatements="3" conditionals="0" coveredconditionals="0" methods="0" coveredmethods="0"/>
        <line num="1" count="1" type="stmt"/>
        <line num="3" count="1" type="stmt"/>
        <line num="4" count="1" type="stmt"/>
      </file>
    </package>
    <package name="assets.styles.indexmax">
      <metrics statements="3" coveredstatements="3" conditionals="0" coveredconditionals="0" methods="0" coveredmethods="0"/>
      <file name="IndexMaxS.css" path="C:\Users\PERSONAL\source\HouseOfCode\HomeOfCodeFront\src\assets\styles\indexmax\IndexMaxS.css">
        <metrics statements="3" coveredstatements="3" conditionals="0" coveredconditionals="0" methods="0" coveredmethods="0"/>
        <line num="1" count="1" type="stmt"/>
        <line num="3" count="1" type="stmt"/>
        <line num="4" count="1" type="stmt"/>
      </file>
    </package>
    <package name="components">
      <metrics statements="8" coveredstatements="8" conditionals="0" coveredconditionals="0" methods="1" coveredmethods="1"/>
      <file name="Login.tsx" path="C:\Users\PERSONAL\source\HouseOfCode\HomeOfCodeFront\src\components\Login.tsx">
        <metrics statements="8" coveredstatements="8" conditionals="0" coveredconditionals="0" methods="1" coveredmethods="1"/>
        <line num="1" count="1" type="stmt"/>
        <line num="9" count="1" type="stmt"/>
        <line num="10" count="1" type="stmt"/>
        <line num="11" count="1" type="stmt"/>
        <line num="12" count="1" type="stmt"/>
        <line num="13" count="1" type="stmt"/>
        <line num="16" count="1" type="stmt"/>
        <line num="124" count="1" type="stmt"/>
      </file>
    </package>
    <package name="components.classes">
      <metrics statements="21" coveredstatements="18" conditionals="2" coveredconditionals="0" methods="6" coveredmethods="5"/>
      <file name="ClassSideNav.tsx" path="C:\Users\PERSONAL\source\HouseOfCode\HomeOfCodeFront\src\components\classes\ClassSideNav.tsx">
        <metrics statements="16" coveredstatements="13" conditionals="2" coveredconditionals="0" methods="5" coveredmethods="4"/>
        <line num="1" count="1" type="stmt"/>
        <line num="2" count="1" type="stmt"/>
        <line num="3" count="1" type="stmt"/>
        <line num="4" count="1" type="stmt"/>
        <line num="6" count="1" type="stmt"/>
        <line num="210" count="1" type="stmt"/>
        <line num="211" count="1" type="stmt"/>
        <line num="213" count="1" type="stmt"/>
        <line num="214" count="0" type="cond" truecount="0" falsecount="2"/>
        <line num="215" count="0" type="stmt"/>
        <line num="217" count="0" type="stmt"/>
        <line num="221" count="1" type="stmt"/>
        <line num="234" count="6" type="stmt"/>
        <line num="238" count="21" type="stmt"/>
        <line num="240" count="21" type="stmt"/>
        <line num="256" count="1" type="stmt"/>
      </file>
      <file name="Classes.tsx" path="C:\Users\PERSONAL\source\HouseOfCode\HomeOfCodeFront\src\components\classes\Classes.tsx">
        <metrics statements="5" coveredstatements="5" conditionals="0" coveredconditionals="0" methods="1" coveredmethods="1"/>
        <line num="1" count="1" type="stmt"/>
        <line num="2" count="1" type="stmt"/>
        <line num="3" count="1" type="stmt"/>
        <line num="6" count="1" type="stmt"/>
        <line num="15" count="1" type="stmt"/>
      </file>
    </package>
    <package name="components.classes.mainContent">
      <metrics statements="13" coveredstatements="13" conditionals="0" coveredconditionals="0" methods="3" coveredmethods="3"/>
      <file name="MainCFooter.tsx" path="C:\Users\PERSONAL\source\HouseOfCode\HomeOfCodeFront\src\components\classes\mainContent\MainCFooter.tsx">
        <metrics statements="3" coveredstatements="3" conditionals="0" coveredconditionals="0" methods="1" coveredmethods="1"/>
        <line num="1" count="1" type="stmt"/>
        <line num="2" count="1" type="stmt"/>
        <line num="9" count="1" type="stmt"/>
      </file>
      <file name="MainCResource.tsx" path="C:\Users\PERSONAL\source\HouseOfCode\HomeOfCodeFront\src\components\classes\mainContent\MainCResource.tsx">
        <metrics statements="4" coveredstatements="4" conditionals="0" coveredconditionals="0" methods="1" coveredmethods="1"/>
        <line num="3" count="1" type="stmt"/>
        <line num="4" count="1" type="stmt"/>
        <line num="6" count="1" type="stmt"/>
        <line num="13" count="1" type="stmt"/>
      </file>
      <file name="MainContent.tsx" path="C:\Users\PERSONAL\source\HouseOfCode\HomeOfCodeFront\src\components\classes\mainContent\MainContent.tsx">
        <metrics statements="6" coveredstatements="6" conditionals="0" coveredconditionals="0" methods="1" coveredmethods="1"/>
        <line num="1" count="1" type="stmt"/>
        <line num="2" count="1" type="stmt"/>
        <line num="3" count="1" type="stmt"/>
        <line num="5" count="1" type="stmt"/>
        <line num="6" count="1" type="stmt"/>
        <line num="15" count="1" type="stmt"/>
      </file>
    </package>
    <package name="components.classes.mainContent.mainCSections">
      <metrics statements="19" coveredstatements="19" conditionals="0" coveredconditionals="0" methods="5" coveredmethods="5"/>
      <file name="MainCSCompiler.tsx" path="C:\Users\PERSONAL\source\HouseOfCode\HomeOfCodeFront\src\components\classes\mainContent\mainCSections\MainCSCompiler.tsx">
        <metrics statements="3" coveredstatements="3" conditionals="0" coveredconditionals="0" methods="1" coveredmethods="1"/>
        <line num="1" count="1" type="stmt"/>
        <line num="2" count="1" type="stmt"/>
        <line num="5" count="1" type="stmt"/>
      </file>
      <file name="MainCSDescription.tsx" path="C:\Users\PERSONAL\source\HouseOfCode\HomeOfCodeFront\src\components\classes\mainContent\mainCSections\MainCSDescription.tsx">
        <metrics statements="3" coveredstatements="3" conditionals="0" coveredconditionals="0" methods="1" coveredmethods="1"/>
        <line num="1" count="1" type="stmt"/>
        <line num="2" count="1" type="stmt"/>
        <line num="5" count="1" type="stmt"/>
      </file>
      <file name="MainCSNavbar.tsx" path="C:\Users\PERSONAL\source\HouseOfCode\HomeOfCodeFront\src\components\classes\mainContent\mainCSections\MainCSNavbar.tsx">
        <metrics statements="3" coveredstatements="3" conditionals="0" coveredconditionals="0" methods="1" coveredmethods="1"/>
        <line num="1" count="1" type="stmt"/>
        <line num="2" count="1" type="stmt"/>
        <line num="5" count="1" type="stmt"/>
      </file>
      <file name="MainCSResources.tsx" path="C:\Users\PERSONAL\source\HouseOfCode\HomeOfCodeFront\src\components\classes\mainContent\mainCSections\MainCSResources.tsx">
        <metrics statements="3" coveredstatements="3" conditionals="0" coveredconditionals="0" methods="1" coveredmethods="1"/>
        <line num="1" count="1" type="stmt"/>
        <line num="2" count="1" type="stmt"/>
        <line num="5" count="1" type="stmt"/>
      </file>
      <file name="MainCSections.tsx" path="C:\Users\PERSONAL\source\HouseOfCode\HomeOfCodeFront\src\components\classes\mainContent\mainCSections\MainCSections.tsx">
        <metrics statements="7" coveredstatements="7" conditionals="0" coveredconditionals="0" methods="1" coveredmethods="1"/>
        <line num="1" count="1" type="stmt"/>
        <line num="2" count="1" type="stmt"/>
        <line num="3" count="1" type="stmt"/>
        <line num="4" count="1" type="stmt"/>
        <line num="6" count="1" type="stmt"/>
        <line num="7" count="1" type="stmt"/>
        <line num="17" count="1" type="stmt"/>
      </file>
    </package>
    <package name="components.home">
      <metrics statements="71" coveredstatements="55" conditionals="8" coveredconditionals="0" methods="15" coveredmethods="9"/>
      <file name="Home.tsx" path="C:\Users\PERSONAL\source\HouseOfCode\HomeOfCodeFront\src\components\home\Home.tsx">
        <metrics statements="8" coveredstatements="8" conditionals="0" coveredconditionals="0" methods="1" coveredmethods="1"/>
        <line num="1" count="1" type="stmt"/>
        <line num="2" count="1" type="stmt"/>
        <line num="3" count="1" type="stmt"/>
        <line num="4" count="1" type="stmt"/>
        <line num="5" count="1" type="stmt"/>
        <line num="6" count="1" type="stmt"/>
        <line num="10" count="1" type="stmt"/>
        <line num="22" count="1" type="stmt"/>
      </file>
      <file name="HomeAbout.tsx" path="C:\Users\PERSONAL\source\HouseOfCode\HomeOfCodeFront\src\components\home\HomeAbout.tsx">
        <metrics statements="6" coveredstatements="6" conditionals="0" coveredconditionals="0" methods="1" coveredmethods="1"/>
        <line num="1" count="1" type="stmt"/>
        <line num="2" count="1" type="stmt"/>
        <line num="3" count="1" type="stmt"/>
        <line num="5" count="1" type="stmt"/>
        <line num="6" count="1" type="stmt"/>
        <line num="52" count="1" type="stmt"/>
      </file>
      <file name="HomeContact.tsx" path="C:\Users\PERSONAL\source\HouseOfCode\HomeOfCodeFront\src\components\home\HomeContact.tsx">
        <metrics statements="6" coveredstatements="6" conditionals="0" coveredconditionals="0" methods="1" coveredmethods="1"/>
        <line num="1" count="1" type="stmt"/>
        <line num="2" count="1" type="stmt"/>
        <line num="3" count="1" type="stmt"/>
        <line num="5" count="1" type="stmt"/>
        <line num="6" count="1" type="stmt"/>
        <line num="60" count="1" type="stmt"/>
      </file>
      <file name="HomeFooter.tsx" path="C:\Users\PERSONAL\source\HouseOfCode\HomeOfCodeFront\src\components\home\HomeFooter.tsx">
        <metrics statements="4" coveredstatements="4" conditionals="0" coveredconditionals="0" methods="1" coveredmethods="1"/>
        <line num="1" count="1" type="stmt"/>
        <line num="3" count="1" type="stmt"/>
        <line num="4" count="1" type="stmt"/>
        <line num="28" count="1" type="stmt"/>
      </file>
      <file name="HomeHeader.tsx" path="C:\Users\PERSONAL\source\HouseOfCode\HomeOfCodeFront\src\components\home\HomeHeader.tsx">
        <metrics statements="6" coveredstatements="6" conditionals="0" coveredconditionals="0" methods="1" coveredmethods="1"/>
        <line num="1" count="1" type="stmt"/>
        <line num="2" count="1" type="stmt"/>
        <line num="3" count="1" type="stmt"/>
        <line num="5" count="1" type="stmt"/>
        <line num="6" count="1" type="stmt"/>
        <line num="21" count="1" type="stmt"/>
      </file>
      <file name="HomeNavigation.tsx" path="C:\Users\PERSONAL\source\HouseOfCode\HomeOfCodeFront\src\components\home\HomeNavigation.tsx">
        <metrics statements="18" coveredstatements="11" conditionals="7" coveredconditionals="0" methods="2" coveredmethods="1"/>
        <line num="1" count="1" type="stmt"/>
        <line num="2" count="1" type="stmt"/>
        <line num="3" count="1" type="stmt"/>
        <line num="4" count="1" type="stmt"/>
        <line num="6" count="1" type="stmt"/>
        <line num="7" count="1" type="stmt"/>
        <line num="8" count="1" type="stmt"/>
        <line num="10" count="1" type="stmt"/>
        <line num="11" count="0" type="stmt"/>
        <line num="12" count="0" type="cond" truecount="0" falsecount="4"/>
        <line num="13" count="0" type="stmt"/>
        <line num="14" count="0" type="stmt"/>
        <line num="15" count="0" type="cond" truecount="0" falsecount="3"/>
        <line num="16" count="0" type="stmt"/>
        <line num="17" count="0" type="stmt"/>
        <line num="21" count="1" type="stmt"/>
        <line num="23" count="1" type="stmt"/>
        <line num="67" count="1" type="stmt"/>
      </file>
      <file name="HomePortfolio.tsx" path="C:\Users\PERSONAL\source\HouseOfCode\HomeOfCodeFront\src\components\home\HomePortfolio.tsx">
        <metrics statements="23" coveredstatements="14" conditionals="1" coveredconditionals="0" methods="8" coveredmethods="3"/>
        <line num="1" count="1" type="stmt"/>
        <line num="2" count="1" type="stmt"/>
        <line num="11" count="1" type="stmt"/>
        <line num="12" count="1" type="stmt"/>
        <line num="13" count="1" type="stmt"/>
        <line num="15" count="1" type="stmt"/>
        <line num="61" count="1" type="stmt"/>
        <line num="62" count="1" type="stmt"/>
        <line num="64" count="1" type="stmt"/>
        <line num="65" count="6" type="stmt"/>
        <line num="68" count="0" type="stmt"/>
        <line num="84" count="0" type="stmt"/>
        <line num="93" count="1" type="stmt"/>
        <line num="94" count="0" type="stmt"/>
        <line num="95" count="0" type="cond" truecount="0" falsecount="1"/>
        <line num="96" count="0" type="stmt"/>
        <line num="103" count="0" type="stmt"/>
        <line num="105" count="0" type="stmt"/>
        <line num="106" count="0" type="stmt"/>
        <line num="109" count="1" type="stmt"/>
        <line num="135" count="6" type="stmt"/>
        <line num="139" count="0" type="stmt"/>
        <line num="156" count="1" type="stmt"/>
      </file>
    </package>
    <package name="components.max.templates">
      <metrics statements="17" coveredstatements="10" conditionals="7" coveredconditionals="0" methods="2" coveredmethods="1"/>
      <file name="NavigationMax.tsx" path="C:\Users\PERSONAL\source\HouseOfCode\HomeOfCodeFront\src\components\max\templates\NavigationMax.tsx">
        <metrics statements="17" coveredstatements="10" conditionals="7" coveredconditionals="0" methods="2" coveredmethods="1"/>
        <line num="1" count="1" type="stmt"/>
        <line num="2" count="1" type="stmt"/>
        <line num="3" count="1" type="stmt"/>
        <line num="5" count="1" type="stmt"/>
        <line num="6" count="1" type="stmt"/>
        <line num="7" count="1" type="stmt"/>
        <line num="9" count="1" type="stmt"/>
        <line num="10" count="0" type="stmt"/>
        <line num="11" count="0" type="cond" truecount="0" falsecount="4"/>
        <line num="12" count="0" type="stmt"/>
        <line num="13" count="0" type="stmt"/>
        <line num="14" count="0" type="cond" truecount="0" falsecount="3"/>
        <line num="15" count="0" type="stmt"/>
        <line num="16" count="0" type="stmt"/>
        <line num="20" count="1" type="stmt"/>
        <line num="21" count="1" type="stmt"/>
        <line num="56" count="1" type="stmt"/>
      </file>
    </package>
  </project>
</coverage>
