{"C:\\Users\\PERSONAL\\source\\HouseOfCode\\HomeOfCodeFront\\src\\App.css": {"path":"C:\\Users\\PERSONAL\\source\\HouseOfCode\\HomeOfCodeFront\\src\\App.css","statementMap":{"0":{"start":{"line":1,"column":20},"end":{"line":1,"column":43}},"1":{"start":{"line":3,"column":0},"end":{"line":3,"column":734}},"2":{"start":{"line":4,"column":0},"end":{"line":4,"column":187}}},"fnMap":{},"branchMap":{},"s":{"0":1,"1":1,"2":1},"f":{},"b":{},"_coverageSchema":"1a1c01bbd47fc00a2c39e90264f33305004495a9","hash":"0cb2924e4ad93e4a2c7ac5c0c85bb7e000a5f343"}
,"C:\\Users\\PERSONAL\\source\\HouseOfCode\\HomeOfCodeFront\\src\\assets\\styles\\loginForm.css": {"path":"C:\\Users\\PERSONAL\\source\\HouseOfCode\\HomeOfCodeFront\\src\\assets\\styles\\loginForm.css","statementMap":{"0":{"start":{"line":1,"column":20},"end":{"line":1,"column":43}},"1":{"start":{"line":3,"column":0},"end":{"line":3,"column":1456}},"2":{"start":{"line":4,"column":0},"end":{"line":4,"column":292}}},"fnMap":{},"branchMap":{},"s":{"0":1,"1":1,"2":1},"f":{},"b":{},"_coverageSchema":"1a1c01bbd47fc00a2c39e90264f33305004495a9","hash":"2ec3778372af5e16c509fee45062187ccdd9a368"}
,"C:\\Users\\PERSONAL\\source\\HouseOfCode\\HomeOfCodeFront\\src\\assets\\styles\\classes\\ClassesSNavStyle.css": {"path":"C:\\Users\\PERSONAL\\source\\HouseOfCode\\HomeOfCodeFront\\src\\assets\\styles\\classes\\ClassesSNavStyle.css","statementMap":{"0":{"start":{"line":1,"column":20},"end":{"line":1,"column":43}},"1":{"start":{"line":3,"column":0},"end":{"line":3,"column":9766}},"2":{"start":{"line":4,"column":0},"end":{"line":4,"column":1211}}},"fnMap":{},"branchMap":{},"s":{"0":1,"1":1,"2":1},"f":{},"b":{},"_coverageSchema":"1a1c01bbd47fc00a2c39e90264f33305004495a9","hash":"feabee525d702345c0125a10970e75392acd5684"}
,"C:\\Users\\PERSONAL\\source\\HouseOfCode\\HomeOfCodeFront\\src\\assets\\styles\\home\\HomeAbStyle.css": {"path":"C:\\Users\\PERSONAL\\source\\HouseOfCode\\HomeOfCodeFront\\src\\assets\\styles\\home\\HomeAbStyle.css","statementMap":{"0":{"start":{"line":1,"column":20},"end":{"line":1,"column":43}},"1":{"start":{"line":3,"column":0},"end":{"line":3,"column":3110}},"2":{"start":{"line":4,"column":0},"end":{"line":4,"column":407}}},"fnMap":{},"branchMap":{},"s":{"0":1,"1":1,"2":1},"f":{},"b":{},"_coverageSchema":"1a1c01bbd47fc00a2c39e90264f33305004495a9","hash":"32cbaef4e9b5744b9404b6d59221ef81644bc26a"}
,"C:\\Users\\PERSONAL\\source\\HouseOfCode\\HomeOfCodeFront\\src\\assets\\styles\\home\\HomeCtStyle.css": {"path":"C:\\Users\\PERSONAL\\source\\HouseOfCode\\HomeOfCodeFront\\src\\assets\\styles\\home\\HomeCtStyle.css","statementMap":{"0":{"start":{"line":1,"column":20},"end":{"line":1,"column":43}},"1":{"start":{"line":3,"column":0},"end":{"line":3,"column":4737}},"2":{"start":{"line":4,"column":0},"end":{"line":4,"column":413}}},"fnMap":{},"branchMap":{},"s":{"0":1,"1":1,"2":1},"f":{},"b":{},"_coverageSchema":"1a1c01bbd47fc00a2c39e90264f33305004495a9","hash":"04e75b27a7aeff2e0d48defbf3d2d21f3b6c02b4"}
,"C:\\Users\\PERSONAL\\source\\HouseOfCode\\HomeOfCodeFront\\src\\assets\\styles\\home\\HomeFtStyle.css": {"path":"C:\\Users\\PERSONAL\\source\\HouseOfCode\\HomeOfCodeFront\\src\\assets\\styles\\home\\HomeFtStyle.css","statementMap":{"0":{"start":{"line":1,"column":20},"end":{"line":1,"column":43}},"1":{"start":{"line":3,"column":0},"end":{"line":3,"column":454}},"2":{"start":{"line":4,"column":0},"end":{"line":4,"column":73}}},"fnMap":{},"branchMap":{},"s":{"0":1,"1":1,"2":1},"f":{},"b":{},"_coverageSchema":"1a1c01bbd47fc00a2c39e90264f33305004495a9","hash":"808f63b0481c4c8928ce6dbce6c10286ff702241"}
,"C:\\Users\\PERSONAL\\source\\HouseOfCode\\HomeOfCodeFront\\src\\assets\\styles\\home\\HomeHdStyle.css": {"path":"C:\\Users\\PERSONAL\\source\\HouseOfCode\\HomeOfCodeFront\\src\\assets\\styles\\home\\HomeHdStyle.css","statementMap":{"0":{"start":{"line":1,"column":20},"end":{"line":1,"column":43}},"1":{"start":{"line":3,"column":0},"end":{"line":3,"column":2582}},"2":{"start":{"line":4,"column":0},"end":{"line":4,"column":557}}},"fnMap":{},"branchMap":{},"s":{"0":1,"1":1,"2":1},"f":{},"b":{},"_coverageSchema":"1a1c01bbd47fc00a2c39e90264f33305004495a9","hash":"7c983f7c7bb6a3d6772dab5d3fab02834c585935"}
,"C:\\Users\\PERSONAL\\source\\HouseOfCode\\HomeOfCodeFront\\src\\assets\\styles\\home\\HomeNavStyle.css": {"path":"C:\\Users\\PERSONAL\\source\\HouseOfCode\\HomeOfCodeFront\\src\\assets\\styles\\home\\HomeNavStyle.css","statementMap":{"0":{"start":{"line":1,"column":20},"end":{"line":1,"column":43}},"1":{"start":{"line":3,"column":0},"end":{"line":3,"column":1566}},"2":{"start":{"line":4,"column":0},"end":{"line":4,"column":318}}},"fnMap":{},"branchMap":{},"s":{"0":1,"1":1,"2":1},"f":{},"b":{},"_coverageSchema":"1a1c01bbd47fc00a2c39e90264f33305004495a9","hash":"74c3c98e1bffd839171e8b2bb6e93806afb40c58"}
,"C:\\Users\\PERSONAL\\source\\HouseOfCode\\HomeOfCodeFront\\src\\assets\\styles\\home\\HomePfStyle.css": {"path":"C:\\Users\\PERSONAL\\source\\HouseOfCode\\HomeOfCodeFront\\src\\assets\\styles\\home\\HomePfStyle.css","statementMap":{"0":{"start":{"line":1,"column":20},"end":{"line":1,"column":43}},"1":{"start":{"line":3,"column":0},"end":{"line":3,"column":3161}},"2":{"start":{"line":4,"column":0},"end":{"line":4,"column":751}}},"fnMap":{},"branchMap":{},"s":{"0":1,"1":1,"2":1},"f":{},"b":{},"_coverageSchema":"1a1c01bbd47fc00a2c39e90264f33305004495a9","hash":"5ad537cc09a779056ec10b823497fea05b1b00c1"}
,"C:\\Users\\PERSONAL\\source\\HouseOfCode\\HomeOfCodeFront\\src\\assets\\styles\\indexmax\\AboutMaxS.css": {"path":"C:\\Users\\PERSONAL\\source\\HouseOfCode\\HomeOfCodeFront\\src\\assets\\styles\\indexmax\\AboutMaxS.css","statementMap":{"0":{"start":{"line":1,"column":20},"end":{"line":1,"column":43}},"1":{"start":{"line":3,"column":0},"end":{"line":3,"column":2251}},"2":{"start":{"line":4,"column":0},"end":{"line":4,"column":947}}},"fnMap":{},"branchMap":{},"s":{"0":1,"1":1,"2":1},"f":{},"b":{},"_coverageSchema":"1a1c01bbd47fc00a2c39e90264f33305004495a9","hash":"3c78feda55844d262a93f4ea9e9f9d917ab9f846"}
,"C:\\Users\\PERSONAL\\source\\HouseOfCode\\HomeOfCodeFront\\src\\assets\\styles\\indexmax\\ClassMaxS.css": {"path":"C:\\Users\\PERSONAL\\source\\HouseOfCode\\HomeOfCodeFront\\src\\assets\\styles\\indexmax\\ClassMaxS.css","statementMap":{"0":{"start":{"line":1,"column":20},"end":{"line":1,"column":43}},"1":{"start":{"line":3,"column":0},"end":{"line":3,"column":2243}},"2":{"start":{"line":4,"column":0},"end":{"line":4,"column":769}}},"fnMap":{},"branchMap":{},"s":{"0":1,"1":1,"2":1},"f":{},"b":{},"_coverageSchema":"1a1c01bbd47fc00a2c39e90264f33305004495a9","hash":"da259b49aeee553509196d44248448b07f136b16"}
,"C:\\Users\\PERSONAL\\source\\HouseOfCode\\HomeOfCodeFront\\src\\assets\\styles\\indexmax\\FooterMaxS.css": {"path":"C:\\Users\\PERSONAL\\source\\HouseOfCode\\HomeOfCodeFront\\src\\assets\\styles\\indexmax\\FooterMaxS.css","statementMap":{"0":{"start":{"line":1,"column":20},"end":{"line":1,"column":43}},"1":{"start":{"line":3,"column":0},"end":{"line":3,"column":275}},"2":{"start":{"line":4,"column":0},"end":{"line":4,"column":125}}},"fnMap":{},"branchMap":{},"s":{"0":1,"1":1,"2":1},"f":{},"b":{},"_coverageSchema":"1a1c01bbd47fc00a2c39e90264f33305004495a9","hash":"946535224d788f4a3dc36f82dfb7ea50abd6bce9"}
,"C:\\Users\\PERSONAL\\source\\HouseOfCode\\HomeOfCodeFront\\src\\assets\\styles\\indexmax\\HeaderMaxS.css": {"path":"C:\\Users\\PERSONAL\\source\\HouseOfCode\\HomeOfCodeFront\\src\\assets\\styles\\indexmax\\HeaderMaxS.css","statementMap":{"0":{"start":{"line":1,"column":20},"end":{"line":1,"column":43}},"1":{"start":{"line":3,"column":0},"end":{"line":3,"column":840}},"2":{"start":{"line":4,"column":0},"end":{"line":4,"column":275}}},"fnMap":{},"branchMap":{},"s":{"0":1,"1":1,"2":1},"f":{},"b":{},"_coverageSchema":"1a1c01bbd47fc00a2c39e90264f33305004495a9","hash":"c0831f147bd48cb9261411ff1673eab492311fc1"}
,"C:\\Users\\PERSONAL\\source\\HouseOfCode\\HomeOfCodeFront\\src\\assets\\styles\\indexmax\\IndexMaxS.css": {"path":"C:\\Users\\PERSONAL\\source\\HouseOfCode\\HomeOfCodeFront\\src\\assets\\styles\\indexmax\\IndexMaxS.css","statementMap":{"0":{"start":{"line":1,"column":20},"end":{"line":1,"column":43}},"1":{"start":{"line":3,"column":0},"end":{"line":3,"column":292}},"2":{"start":{"line":4,"column":0},"end":{"line":4,"column":139}}},"fnMap":{},"branchMap":{},"s":{"0":1,"1":1,"2":1},"f":{},"b":{},"_coverageSchema":"1a1c01bbd47fc00a2c39e90264f33305004495a9","hash":"81566738fd7d374f93274f924fe78838e677d538"}
,"C:\\Users\\PERSONAL\\source\\HouseOfCode\\HomeOfCodeFront\\src\\assets\\styles\\tutorials\\TutorialsBodyS.css": {"path":"C:\\Users\\PERSONAL\\source\\HouseOfCode\\HomeOfCodeFront\\src\\assets\\styles\\tutorials\\TutorialsBodyS.css","statementMap":{"0":{"start":{"line":1,"column":20},"end":{"line":1,"column":43}},"1":{"start":{"line":3,"column":0},"end":{"line":3,"column":797}},"2":{"start":{"line":4,"column":0},"end":{"line":4,"column":281}}},"fnMap":{},"branchMap":{},"s":{"0":1,"1":1,"2":1},"f":{},"b":{},"_coverageSchema":"1a1c01bbd47fc00a2c39e90264f33305004495a9","hash":"6394af628809797c08df5539fb2c8339839019f1"}
,"C:\\Users\\PERSONAL\\source\\HouseOfCode\\HomeOfCodeFront\\src\\components\\Login.tsx": {"path":"C:\\Users\\PERSONAL\\source\\HouseOfCode\\HomeOfCodeFront\\src\\components\\Login.tsx","statementMap":{"0":{"start":{"line":1,"column":0},"end":{"line":1,"column":null}},"1":{"start":{"line":9,"column":0},"end":{"line":9,"column":40}},"2":{"start":{"line":10,"column":0},"end":{"line":10,"column":45}},"3":{"start":{"line":11,"column":0},"end":{"line":11,"column":43}},"4":{"start":{"line":12,"column":0},"end":{"line":12,"column":40}},"5":{"start":{"line":13,"column":0},"end":{"line":13,"column":54}},"6":{"start":{"line":16,"column":2},"end":{"line":121,"column":4}},"7":{"start":{"line":124,"column":0},"end":{"line":124,"column":21}}},"fnMap":{"0":{"name":"Login","decl":{"start":{"line":15,"column":9},"end":{"line":15,"column":14}},"loc":{"start":{"line":15,"column":14},"end":{"line":122,"column":1}}}},"branchMap":{},"s":{"0":1,"1":1,"2":1,"3":1,"4":1,"5":1,"6":1,"7":1},"f":{"0":1},"b":{}}
,"C:\\Users\\PERSONAL\\source\\HouseOfCode\\HomeOfCodeFront\\src\\components\\classes\\ClassSideNav.tsx": {"path":"C:\\Users\\PERSONAL\\source\\HouseOfCode\\HomeOfCodeFront\\src\\components\\classes\\ClassSideNav.tsx","statementMap":{"0":{"start":{"line":1,"column":0},"end":{"line":1,"column":70}},"1":{"start":{"line":2,"column":0},"end":{"line":2,"column":59}},"2":{"start":{"line":3,"column":0},"end":{"line":3,"column":58}},"3":{"start":{"line":4,"column":0},"end":{"line":4,"column":33}},"4":{"start":{"line":6,"column":22},"end":{"line":208,"column":2}},"5":{"start":{"line":210,"column":21},"end":{"line":254,"column":1}},"6":{"start":{"line":211,"column":34},"end":{"line":211,"column":51}},"7":{"start":{"line":213,"column":26},"end":{"line":219,"column":3}},"8":{"start":{"line":214,"column":4},"end":{"line":218,"column":null}},"9":{"start":{"line":215,"column":6},"end":{"line":215,"column":27}},"10":{"start":{"line":217,"column":6},"end":{"line":217,"column":22}},"11":{"start":{"line":221,"column":2},"end":{"line":253,"column":4}},"12":{"start":{"line":234,"column":12},"end":{"line":234,"column":35}},"13":{"start":{"line":238,"column":18},"end":{"line":238,"column":null}},"14":{"start":{"line":240,"column":22},"end":{"line":240,"column":46}},"15":{"start":{"line":256,"column":0},"end":{"line":256,"column":28}}},"fnMap":{"0":{"name":"(anonymous_0)","decl":{"start":{"line":210,"column":21},"end":{"line":210,"column":24}},"loc":{"start":{"line":210,"column":26},"end":{"line":254,"column":1}}},"1":{"name":"(anonymous_1)","decl":{"start":{"line":213,"column":26},"end":{"line":213,"column":29}},"loc":{"start":{"line":213,"column":31},"end":{"line":219,"column":3}}},"2":{"name":"(anonymous_2)","decl":{"start":{"line":233,"column":29},"end":{"line":233,"column":30}},"loc":{"start":{"line":234,"column":12},"end":{"line":234,"column":35}}},"3":{"name":"(anonymous_3)","decl":{"start":{"line":237,"column":28},"end":{"line":237,"column":29}},"loc":{"start":{"line":238,"column":18},"end":{"line":238,"column":null}}},"4":{"name":"(anonymous_4)","decl":{"start":{"line":239,"column":37},"end":{"line":239,"column":38}},"loc":{"start":{"line":240,"column":22},"end":{"line":240,"column":46}}}},"branchMap":{"0":{"loc":{"start":{"line":214,"column":4},"end":{"line":218,"column":null}},"type":"if","locations":[{"start":{"line":214,"column":4},"end":{"line":218,"column":null}},{"start":{"line":216,"column":11},"end":{"line":218,"column":null}}]}},"s":{"0":1,"1":1,"2":1,"3":1,"4":1,"5":1,"6":1,"7":1,"8":0,"9":0,"10":0,"11":1,"12":6,"13":21,"14":21,"15":1},"f":{"0":1,"1":0,"2":6,"3":21,"4":21},"b":{"0":[0,0]}}
,"C:\\Users\\PERSONAL\\source\\HouseOfCode\\HomeOfCodeFront\\src\\components\\classes\\Classes.tsx": {"path":"C:\\Users\\PERSONAL\\source\\HouseOfCode\\HomeOfCodeFront\\src\\components\\classes\\Classes.tsx","statementMap":{"0":{"start":{"line":1,"column":0},"end":{"line":1,"column":59}},"1":{"start":{"line":2,"column":0},"end":{"line":2,"column":37}},"2":{"start":{"line":3,"column":0},"end":{"line":3,"column":52}},"3":{"start":{"line":6,"column":2},"end":{"line":12,"column":4}},"4":{"start":{"line":15,"column":0},"end":{"line":15,"column":23}}},"fnMap":{"0":{"name":"Classes","decl":{"start":{"line":5,"column":9},"end":{"line":5,"column":16}},"loc":{"start":{"line":5,"column":16},"end":{"line":13,"column":1}}}},"branchMap":{},"s":{"0":1,"1":1,"2":1,"3":1,"4":1},"f":{"0":1},"b":{}}
,"C:\\Users\\PERSONAL\\source\\HouseOfCode\\HomeOfCodeFront\\src\\components\\classes\\mainContent\\MainCFooter.tsx": {"path":"C:\\Users\\PERSONAL\\source\\HouseOfCode\\HomeOfCodeFront\\src\\components\\classes\\mainContent\\MainCFooter.tsx","statementMap":{"0":{"start":{"line":1,"column":20},"end":{"line":7,"column":1}},"1":{"start":{"line":2,"column":4},"end":{"line":6,"column":null}},"2":{"start":{"line":9,"column":0},"end":{"line":9,"column":27}}},"fnMap":{"0":{"name":"(anonymous_0)","decl":{"start":{"line":1,"column":20},"end":{"line":1,"column":23}},"loc":{"start":{"line":1,"column":25},"end":{"line":7,"column":1}}}},"branchMap":{},"s":{"0":1,"1":1,"2":1},"f":{"0":1},"b":{}}
,"C:\\Users\\PERSONAL\\source\\HouseOfCode\\HomeOfCodeFront\\src\\components\\classes\\mainContent\\MainCResource.tsx": {"path":"C:\\Users\\PERSONAL\\source\\HouseOfCode\\HomeOfCodeFront\\src\\components\\classes\\mainContent\\MainCResource.tsx","statementMap":{"0":{"start":{"line":3,"column":22},"end":{"line":11,"column":1}},"1":{"start":{"line":4,"column":20},"end":{"line":4,"column":274}},"2":{"start":{"line":6,"column":2},"end":{"line":10,"column":4}},"3":{"start":{"line":13,"column":0},"end":{"line":13,"column":29}}},"fnMap":{"0":{"name":"(anonymous_0)","decl":{"start":{"line":3,"column":22},"end":{"line":3,"column":25}},"loc":{"start":{"line":3,"column":27},"end":{"line":11,"column":1}}}},"branchMap":{},"s":{"0":1,"1":1,"2":1,"3":1},"f":{"0":1},"b":{}}
,"C:\\Users\\PERSONAL\\source\\HouseOfCode\\HomeOfCodeFront\\src\\components\\classes\\mainContent\\MainContent.tsx": {"path":"C:\\Users\\PERSONAL\\source\\HouseOfCode\\HomeOfCodeFront\\src\\components\\classes\\mainContent\\MainContent.tsx","statementMap":{"0":{"start":{"line":1,"column":0},"end":{"line":1,"column":40}},"1":{"start":{"line":2,"column":0},"end":{"line":2,"column":44}},"2":{"start":{"line":3,"column":0},"end":{"line":3,"column":58}},"3":{"start":{"line":5,"column":20},"end":{"line":13,"column":1}},"4":{"start":{"line":6,"column":2},"end":{"line":12,"column":4}},"5":{"start":{"line":15,"column":0},"end":{"line":15,"column":27}}},"fnMap":{"0":{"name":"(anonymous_0)","decl":{"start":{"line":5,"column":20},"end":{"line":5,"column":23}},"loc":{"start":{"line":5,"column":25},"end":{"line":13,"column":1}}}},"branchMap":{},"s":{"0":1,"1":1,"2":1,"3":1,"4":1,"5":1},"f":{"0":1},"b":{}}
,"C:\\Users\\PERSONAL\\source\\HouseOfCode\\HomeOfCodeFront\\src\\components\\classes\\mainContent\\mainCSections\\MainCSCompiler.tsx": {"path":"C:\\Users\\PERSONAL\\source\\HouseOfCode\\HomeOfCodeFront\\src\\components\\classes\\mainContent\\mainCSections\\MainCSCompiler.tsx","statementMap":{"0":{"start":{"line":1,"column":23},"end":{"line":3,"column":1}},"1":{"start":{"line":2,"column":2},"end":{"line":2,"column":15}},"2":{"start":{"line":5,"column":0},"end":{"line":5,"column":30}}},"fnMap":{"0":{"name":"(anonymous_0)","decl":{"start":{"line":1,"column":23},"end":{"line":1,"column":26}},"loc":{"start":{"line":1,"column":28},"end":{"line":3,"column":1}}}},"branchMap":{},"s":{"0":1,"1":1,"2":1},"f":{"0":1},"b":{}}
,"C:\\Users\\PERSONAL\\source\\HouseOfCode\\HomeOfCodeFront\\src\\components\\classes\\mainContent\\mainCSections\\MainCSDescription.tsx": {"path":"C:\\Users\\PERSONAL\\source\\HouseOfCode\\HomeOfCodeFront\\src\\components\\classes\\mainContent\\mainCSections\\MainCSDescription.tsx","statementMap":{"0":{"start":{"line":1,"column":26},"end":{"line":3,"column":1}},"1":{"start":{"line":2,"column":2},"end":{"line":2,"column":15}},"2":{"start":{"line":5,"column":0},"end":{"line":5,"column":33}}},"fnMap":{"0":{"name":"(anonymous_0)","decl":{"start":{"line":1,"column":26},"end":{"line":1,"column":29}},"loc":{"start":{"line":1,"column":31},"end":{"line":3,"column":1}}}},"branchMap":{},"s":{"0":1,"1":1,"2":1},"f":{"0":1},"b":{}}
,"C:\\Users\\PERSONAL\\source\\HouseOfCode\\HomeOfCodeFront\\src\\components\\classes\\mainContent\\mainCSections\\MainCSNavbar.tsx": {"path":"C:\\Users\\PERSONAL\\source\\HouseOfCode\\HomeOfCodeFront\\src\\components\\classes\\mainContent\\mainCSections\\MainCSNavbar.tsx","statementMap":{"0":{"start":{"line":1,"column":21},"end":{"line":3,"column":1}},"1":{"start":{"line":2,"column":2},"end":{"line":2,"column":15}},"2":{"start":{"line":5,"column":0},"end":{"line":5,"column":28}}},"fnMap":{"0":{"name":"(anonymous_0)","decl":{"start":{"line":1,"column":21},"end":{"line":1,"column":24}},"loc":{"start":{"line":1,"column":26},"end":{"line":3,"column":1}}}},"branchMap":{},"s":{"0":1,"1":1,"2":1},"f":{"0":1},"b":{}}
,"C:\\Users\\PERSONAL\\source\\HouseOfCode\\HomeOfCodeFront\\src\\components\\classes\\mainContent\\mainCSections\\MainCSResources.tsx": {"path":"C:\\Users\\PERSONAL\\source\\HouseOfCode\\HomeOfCodeFront\\src\\components\\classes\\mainContent\\mainCSections\\MainCSResources.tsx","statementMap":{"0":{"start":{"line":1,"column":24},"end":{"line":3,"column":1}},"1":{"start":{"line":2,"column":2},"end":{"line":2,"column":15}},"2":{"start":{"line":5,"column":0},"end":{"line":5,"column":31}}},"fnMap":{"0":{"name":"(anonymous_0)","decl":{"start":{"line":1,"column":24},"end":{"line":1,"column":27}},"loc":{"start":{"line":1,"column":29},"end":{"line":3,"column":1}}}},"branchMap":{},"s":{"0":1,"1":1,"2":1},"f":{"0":1},"b":{}}
,"C:\\Users\\PERSONAL\\source\\HouseOfCode\\HomeOfCodeFront\\src\\components\\classes\\mainContent\\mainCSections\\MainCSections.tsx": {"path":"C:\\Users\\PERSONAL\\source\\HouseOfCode\\HomeOfCodeFront\\src\\components\\classes\\mainContent\\mainCSections\\MainCSections.tsx","statementMap":{"0":{"start":{"line":1,"column":0},"end":{"line":1,"column":46}},"1":{"start":{"line":2,"column":0},"end":{"line":2,"column":52}},"2":{"start":{"line":3,"column":0},"end":{"line":3,"column":42}},"3":{"start":{"line":4,"column":0},"end":{"line":4,"column":48}},"4":{"start":{"line":6,"column":22},"end":{"line":15,"column":1}},"5":{"start":{"line":7,"column":2},"end":{"line":14,"column":4}},"6":{"start":{"line":17,"column":0},"end":{"line":17,"column":29}}},"fnMap":{"0":{"name":"(anonymous_0)","decl":{"start":{"line":6,"column":22},"end":{"line":6,"column":25}},"loc":{"start":{"line":6,"column":27},"end":{"line":15,"column":1}}}},"branchMap":{},"s":{"0":1,"1":1,"2":1,"3":1,"4":1,"5":1,"6":1},"f":{"0":1},"b":{}}
,"C:\\Users\\PERSONAL\\source\\HouseOfCode\\HomeOfCodeFront\\src\\components\\home\\Home.tsx": {"path":"C:\\Users\\PERSONAL\\source\\HouseOfCode\\HomeOfCodeFront\\src\\components\\home\\Home.tsx","statementMap":{"0":{"start":{"line":1,"column":0},"end":{"line":1,"column":46}},"1":{"start":{"line":2,"column":0},"end":{"line":2,"column":38}},"2":{"start":{"line":3,"column":0},"end":{"line":3,"column":36}},"3":{"start":{"line":4,"column":0},"end":{"line":4,"column":44}},"4":{"start":{"line":5,"column":0},"end":{"line":5,"column":40}},"5":{"start":{"line":6,"column":0},"end":{"line":6,"column":38}},"6":{"start":{"line":9,"column":2},"end":{"line":18,"column":4}},"7":{"start":{"line":21,"column":0},"end":{"line":21,"column":20}}},"fnMap":{"0":{"name":"Home","decl":{"start":{"line":8,"column":9},"end":{"line":8,"column":13}},"loc":{"start":{"line":8,"column":13},"end":{"line":19,"column":1}}}},"branchMap":{},"s":{"0":1,"1":1,"2":1,"3":1,"4":1,"5":1,"6":2,"7":1},"f":{"0":2},"b":{}}
,"C:\\Users\\PERSONAL\\source\\HouseOfCode\\HomeOfCodeFront\\src\\components\\home\\HomeAbout.tsx": {"path":"C:\\Users\\PERSONAL\\source\\HouseOfCode\\HomeOfCodeFront\\src\\components\\home\\HomeAbout.tsx","statementMap":{"0":{"start":{"line":1,"column":0},"end":{"line":1,"column":50}},"1":{"start":{"line":2,"column":0},"end":{"line":2,"column":41}},"2":{"start":{"line":3,"column":0},"end":{"line":3,"column":44}},"3":{"start":{"line":5,"column":18},"end":{"line":50,"column":1}},"4":{"start":{"line":6,"column":2},"end":{"line":49,"column":4}},"5":{"start":{"line":52,"column":0},"end":{"line":52,"column":25}}},"fnMap":{"0":{"name":"(anonymous_0)","decl":{"start":{"line":5,"column":18},"end":{"line":5,"column":21}},"loc":{"start":{"line":5,"column":23},"end":{"line":50,"column":1}}}},"branchMap":{},"s":{"0":1,"1":1,"2":1,"3":1,"4":2,"5":1},"f":{"0":2},"b":{}}
,"C:\\Users\\PERSONAL\\source\\HouseOfCode\\HomeOfCodeFront\\src\\components\\home\\HomeContact.tsx": {"path":"C:\\Users\\PERSONAL\\source\\HouseOfCode\\HomeOfCodeFront\\src\\components\\home\\HomeContact.tsx","statementMap":{"0":{"start":{"line":1,"column":0},"end":{"line":1,"column":70}},"1":{"start":{"line":2,"column":0},"end":{"line":2,"column":77}},"2":{"start":{"line":3,"column":0},"end":{"line":3,"column":50}},"3":{"start":{"line":5,"column":20},"end":{"line":58,"column":1}},"4":{"start":{"line":6,"column":2},"end":{"line":57,"column":4}},"5":{"start":{"line":60,"column":0},"end":{"line":60,"column":27}}},"fnMap":{"0":{"name":"(anonymous_0)","decl":{"start":{"line":5,"column":20},"end":{"line":5,"column":23}},"loc":{"start":{"line":5,"column":25},"end":{"line":58,"column":1}}}},"branchMap":{},"s":{"0":1,"1":1,"2":1,"3":1,"4":2,"5":1},"f":{"0":2},"b":{}}
,"C:\\Users\\PERSONAL\\source\\HouseOfCode\\HomeOfCodeFront\\src\\components\\home\\HomeFooter.tsx": {"path":"C:\\Users\\PERSONAL\\source\\HouseOfCode\\HomeOfCodeFront\\src\\components\\home\\HomeFooter.tsx","statementMap":{"0":{"start":{"line":1,"column":0},"end":{"line":1,"column":50}},"1":{"start":{"line":3,"column":19},"end":{"line":26,"column":1}},"2":{"start":{"line":4,"column":2},"end":{"line":25,"column":4}},"3":{"start":{"line":28,"column":0},"end":{"line":28,"column":26}}},"fnMap":{"0":{"name":"(anonymous_0)","decl":{"start":{"line":3,"column":19},"end":{"line":3,"column":22}},"loc":{"start":{"line":3,"column":24},"end":{"line":26,"column":1}}}},"branchMap":{},"s":{"0":1,"1":1,"2":2,"3":1},"f":{"0":2},"b":{}}
,"C:\\Users\\PERSONAL\\source\\HouseOfCode\\HomeOfCodeFront\\src\\components\\home\\HomeHeader.tsx": {"path":"C:\\Users\\PERSONAL\\source\\HouseOfCode\\HomeOfCodeFront\\src\\components\\home\\HomeHeader.tsx","statementMap":{"0":{"start":{"line":1,"column":0},"end":{"line":1,"column":50}},"1":{"start":{"line":2,"column":0},"end":{"line":2,"column":40}},"2":{"start":{"line":3,"column":0},"end":{"line":3,"column":44}},"3":{"start":{"line":5,"column":19},"end":{"line":19,"column":1}},"4":{"start":{"line":6,"column":2},"end":{"line":18,"column":4}},"5":{"start":{"line":21,"column":0},"end":{"line":21,"column":26}}},"fnMap":{"0":{"name":"(anonymous_0)","decl":{"start":{"line":5,"column":19},"end":{"line":5,"column":22}},"loc":{"start":{"line":5,"column":24},"end":{"line":19,"column":1}}}},"branchMap":{},"s":{"0":1,"1":1,"2":1,"3":1,"4":2,"5":1},"f":{"0":2},"b":{}}
,"C:\\Users\\PERSONAL\\source\\HouseOfCode\\HomeOfCodeFront\\src\\components\\home\\HomeNavigation.tsx": {"path":"C:\\Users\\PERSONAL\\source\\HouseOfCode\\HomeOfCodeFront\\src\\components\\home\\HomeNavigation.tsx","statementMap":{"0":{"start":{"line":1,"column":0},"end":{"line":1,"column":51}},"1":{"start":{"line":2,"column":0},"end":{"line":2,"column":63}},"2":{"start":{"line":3,"column":0},"end":{"line":3,"column":33}},"3":{"start":{"line":4,"column":0},"end":{"line":4,"column":45}},"4":{"start":{"line":6,"column":23},"end":{"line":65,"column":1}},"5":{"start":{"line":7,"column":40},"end":{"line":7,"column":63}},"6":{"start":{"line":8,"column":30},"end":{"line":8,"column":44}},"7":{"start":{"line":10,"column":23},"end":{"line":19,"column":3}},"8":{"start":{"line":11,"column":28},"end":{"line":11,"column":46}},"9":{"start":{"line":12,"column":4},"end":{"line":18,"column":null}},"10":{"start":{"line":13,"column":6},"end":{"line":13,"column":32}},"11":{"start":{"line":14,"column":6},"end":{"line":14,"column":21}},"12":{"start":{"line":15,"column":11},"end":{"line":18,"column":null}},"13":{"start":{"line":16,"column":6},"end":{"line":16,"column":36}},"14":{"start":{"line":17,"column":6},"end":{"line":17,"column":22}},"15":{"start":{"line":21,"column":2},"end":{"line":21,"column":50}},"16":{"start":{"line":23,"column":2},"end":{"line":64,"column":4}},"17":{"start":{"line":67,"column":0},"end":{"line":67,"column":30}}},"fnMap":{"0":{"name":"(anonymous_0)","decl":{"start":{"line":6,"column":23},"end":{"line":6,"column":26}},"loc":{"start":{"line":6,"column":28},"end":{"line":65,"column":1}}},"1":{"name":"(anonymous_1)","decl":{"start":{"line":10,"column":23},"end":{"line":10,"column":26}},"loc":{"start":{"line":10,"column":28},"end":{"line":19,"column":3}}}},"branchMap":{"0":{"loc":{"start":{"line":12,"column":4},"end":{"line":18,"column":null}},"type":"if","locations":[{"start":{"line":12,"column":4},"end":{"line":18,"column":null}},{"start":{"line":15,"column":11},"end":{"line":18,"column":null}}]},"1":{"loc":{"start":{"line":12,"column":8},"end":{"line":12,"column":60}},"type":"binary-expr","locations":[{"start":{"line":12,"column":8},"end":{"line":12,"column":27}},{"start":{"line":12,"column":31},"end":{"line":12,"column":60}}]},"2":{"loc":{"start":{"line":15,"column":11},"end":{"line":18,"column":null}},"type":"if","locations":[{"start":{"line":15,"column":11},"end":{"line":18,"column":null}}]},"3":{"loc":{"start":{"line":15,"column":15},"end":{"line":15,"column":65}},"type":"binary-expr","locations":[{"start":{"line":15,"column":15},"end":{"line":15,"column":36}},{"start":{"line":15,"column":40},"end":{"line":15,"column":65}}]}},"s":{"0":1,"1":1,"2":1,"3":1,"4":1,"5":2,"6":2,"7":2,"8":0,"9":0,"10":0,"11":0,"12":0,"13":0,"14":0,"15":2,"16":2,"17":1},"f":{"0":2,"1":0},"b":{"0":[0,0],"1":[0,0],"2":[0],"3":[0,0]}}
,"C:\\Users\\PERSONAL\\source\\HouseOfCode\\HomeOfCodeFront\\src\\components\\home\\HomePortfolio.tsx": {"path":"C:\\Users\\PERSONAL\\source\\HouseOfCode\\HomeOfCodeFront\\src\\components\\home\\HomePortfolio.tsx","statementMap":{"0":{"start":{"line":1,"column":0},"end":{"line":1,"column":50}},"1":{"start":{"line":2,"column":0},"end":{"line":2,"column":null}},"2":{"start":{"line":11,"column":0},"end":{"line":11,"column":33}},"3":{"start":{"line":12,"column":0},"end":{"line":12,"column":67}},"4":{"start":{"line":13,"column":0},"end":{"line":13,"column":66}},"5":{"start":{"line":15,"column":15},"end":{"line":52,"column":2}},"6":{"start":{"line":61,"column":22},"end":{"line":154,"column":1}},"7":{"start":{"line":62,"column":32},"end":{"line":62,"column":72}},"8":{"start":{"line":64,"column":25},"end":{"line":91,"column":3}},"9":{"start":{"line":65,"column":4},"end":{"line":90,"column":6}},"10":{"start":{"line":68,"column":22},"end":{"line":68,"column":38}},"11":{"start":{"line":84,"column":27},"end":{"line":84,"column":59}},"12":{"start":{"line":93,"column":25},"end":{"line":107,"column":3}},"13":{"start":{"line":94,"column":23},"end":{"line":104,"column":6}},"14":{"start":{"line":95,"column":6},"end":{"line":102,"column":null}},"15":{"start":{"line":96,"column":8},"end":{"line":101,"column":10}},"16":{"start":{"line":103,"column":6},"end":{"line":103,"column":20}},"17":{"start":{"line":105,"column":4},"end":{"line":105,"column":27}},"18":{"start":{"line":106,"column":4},"end":{"line":106,"column":28}},"19":{"start":{"line":109,"column":2},"end":{"line":153,"column":4}},"20":{"start":{"line":135,"column":10},"end":{"line":135,"column":null}},"21":{"start":{"line":139,"column":29},"end":{"line":139,"column":59}},"22":{"start":{"line":156,"column":0},"end":{"line":156,"column":29}}},"fnMap":{"0":{"name":"(anonymous_0)","decl":{"start":{"line":61,"column":22},"end":{"line":61,"column":25}},"loc":{"start":{"line":61,"column":27},"end":{"line":154,"column":1}}},"1":{"name":"(anonymous_1)","decl":{"start":{"line":64,"column":25},"end":{"line":64,"column":26}},"loc":{"start":{"line":64,"column":69},"end":{"line":91,"column":3}}},"2":{"name":"(anonymous_2)","decl":{"start":{"line":68,"column":16},"end":{"line":68,"column":19}},"loc":{"start":{"line":68,"column":22},"end":{"line":68,"column":38}}},"3":{"name":"(anonymous_3)","decl":{"start":{"line":84,"column":21},"end":{"line":84,"column":24}},"loc":{"start":{"line":84,"column":27},"end":{"line":84,"column":59}}},"4":{"name":"(anonymous_4)","decl":{"start":{"line":93,"column":25},"end":{"line":93,"column":26}},"loc":{"start":{"line":93,"column":55},"end":{"line":107,"column":3}}},"5":{"name":"(anonymous_5)","decl":{"start":{"line":94,"column":34},"end":{"line":94,"column":35}},"loc":{"start":{"line":94,"column":45},"end":{"line":104,"column":5}}},"6":{"name":"(anonymous_6)","decl":{"start":{"line":134,"column":21},"end":{"line":134,"column":22}},"loc":{"start":{"line":135,"column":10},"end":{"line":135,"column":null}}},"7":{"name":"(anonymous_7)","decl":{"start":{"line":139,"column":23},"end":{"line":139,"column":26}},"loc":{"start":{"line":139,"column":29},"end":{"line":139,"column":59}}}},"branchMap":{"0":{"loc":{"start":{"line":95,"column":6},"end":{"line":102,"column":null}},"type":"if","locations":[{"start":{"line":95,"column":6},"end":{"line":102,"column":null}}]}},"s":{"0":1,"1":1,"2":1,"3":1,"4":1,"5":1,"6":1,"7":2,"8":2,"9":12,"10":0,"11":0,"12":2,"13":0,"14":0,"15":0,"16":0,"17":0,"18":0,"19":2,"20":12,"21":0,"22":1},"f":{"0":2,"1":12,"2":0,"3":0,"4":0,"5":0,"6":12,"7":0},"b":{"0":[0]}}
,"C:\\Users\\PERSONAL\\source\\HouseOfCode\\HomeOfCodeFront\\src\\components\\max\\indexmax\\ClassMax.tsx": {"path":"C:\\Users\\PERSONAL\\source\\HouseOfCode\\HomeOfCodeFront\\src\\components\\max\\indexmax\\ClassMax.tsx","statementMap":{"0":{"start":{"line":1,"column":0},"end":{"line":1,"column":41}},"1":{"start":{"line":2,"column":0},"end":{"line":2,"column":46}},"2":{"start":{"line":3,"column":0},"end":{"line":3,"column":55}},"3":{"start":{"line":4,"column":0},"end":{"line":4,"column":43}},"4":{"start":{"line":6,"column":17},"end":{"line":62,"column":1}},"5":{"start":{"line":7,"column":2},"end":{"line":61,"column":4}},"6":{"start":{"line":64,"column":0},"end":{"line":64,"column":24}}},"fnMap":{"0":{"name":"(anonymous_0)","decl":{"start":{"line":6,"column":17},"end":{"line":6,"column":20}},"loc":{"start":{"line":6,"column":22},"end":{"line":62,"column":1}}}},"branchMap":{},"s":{"0":1,"1":1,"2":1,"3":1,"4":1,"5":1,"6":1},"f":{"0":1},"b":{}}
,"C:\\Users\\PERSONAL\\source\\HouseOfCode\\HomeOfCodeFront\\src\\components\\max\\indexmax\\IndexMax.tsx": {"path":"C:\\Users\\PERSONAL\\source\\HouseOfCode\\HomeOfCodeFront\\src\\components\\max\\indexmax\\IndexMax.tsx","statementMap":{"0":{"start":{"line":1,"column":0},"end":{"line":1,"column":47}},"1":{"start":{"line":2,"column":0},"end":{"line":2,"column":47}},"2":{"start":{"line":3,"column":0},"end":{"line":3,"column":55}},"3":{"start":{"line":4,"column":0},"end":{"line":4,"column":45}},"4":{"start":{"line":5,"column":0},"end":{"line":5,"column":34}},"5":{"start":{"line":9,"column":2},"end":{"line":17,"column":4}},"6":{"start":{"line":20,"column":0},"end":{"line":20,"column":24}}},"fnMap":{"0":{"name":"IndexMax","decl":{"start":{"line":7,"column":9},"end":{"line":7,"column":17}},"loc":{"start":{"line":7,"column":17},"end":{"line":18,"column":1}}}},"branchMap":{},"s":{"0":1,"1":1,"2":1,"3":1,"4":1,"5":1,"6":1},"f":{"0":1},"b":{}}
,"C:\\Users\\PERSONAL\\source\\HouseOfCode\\HomeOfCodeFront\\src\\components\\max\\templates\\AboutMax.tsx": {"path":"C:\\Users\\PERSONAL\\source\\HouseOfCode\\HomeOfCodeFront\\src\\components\\max\\templates\\AboutMax.tsx","statementMap":{"0":{"start":{"line":1,"column":0},"end":{"line":1,"column":55}},"1":{"start":{"line":2,"column":0},"end":{"line":2,"column":86}},"2":{"start":{"line":3,"column":0},"end":{"line":3,"column":93}},"3":{"start":{"line":4,"column":0},"end":{"line":4,"column":49}},"4":{"start":{"line":5,"column":0},"end":{"line":5,"column":33}},"5":{"start":{"line":7,"column":15},"end":{"line":14,"column":2}},"6":{"start":{"line":22,"column":17},"end":{"line":99,"column":1}},"7":{"start":{"line":24,"column":32},"end":{"line":24,"column":72}},"8":{"start":{"line":25,"column":2},"end":{"line":98,"column":4}},"9":{"start":{"line":38,"column":10},"end":{"line":38,"column":null}},"10":{"start":{"line":101,"column":0},"end":{"line":101,"column":24}}},"fnMap":{"0":{"name":"(anonymous_0)","decl":{"start":{"line":22,"column":17},"end":{"line":22,"column":20}},"loc":{"start":{"line":22,"column":22},"end":{"line":99,"column":1}}},"1":{"name":"(anonymous_1)","decl":{"start":{"line":37,"column":21},"end":{"line":37,"column":22}},"loc":{"start":{"line":38,"column":10},"end":{"line":38,"column":null}}}},"branchMap":{},"s":{"0":1,"1":1,"2":1,"3":1,"4":1,"5":1,"6":1,"7":2,"8":2,"9":12,"10":1},"f":{"0":2,"1":12},"b":{}}
,"C:\\Users\\PERSONAL\\source\\HouseOfCode\\HomeOfCodeFront\\src\\components\\max\\templates\\FooterMax.tsx": {"path":"C:\\Users\\PERSONAL\\source\\HouseOfCode\\HomeOfCodeFront\\src\\components\\max\\templates\\FooterMax.tsx","statementMap":{"0":{"start":{"line":1,"column":0},"end":{"line":1,"column":54}},"1":{"start":{"line":2,"column":0},"end":{"line":2,"column":56}},"2":{"start":{"line":3,"column":0},"end":{"line":3,"column":66}},"3":{"start":{"line":5,"column":18},"end":{"line":70,"column":1}},"4":{"start":{"line":6,"column":2},"end":{"line":69,"column":4}},"5":{"start":{"line":72,"column":0},"end":{"line":72,"column":25}}},"fnMap":{"0":{"name":"(anonymous_0)","decl":{"start":{"line":5,"column":18},"end":{"line":5,"column":21}},"loc":{"start":{"line":5,"column":23},"end":{"line":70,"column":1}}}},"branchMap":{},"s":{"0":1,"1":1,"2":1,"3":1,"4":3,"5":1},"f":{"0":3},"b":{}}
,"C:\\Users\\PERSONAL\\source\\HouseOfCode\\HomeOfCodeFront\\src\\components\\max\\templates\\HeaderMax.tsx": {"path":"C:\\Users\\PERSONAL\\source\\HouseOfCode\\HomeOfCodeFront\\src\\components\\max\\templates\\HeaderMax.tsx","statementMap":{"0":{"start":{"line":1,"column":0},"end":{"line":1,"column":56}},"1":{"start":{"line":2,"column":0},"end":{"line":2,"column":41}},"2":{"start":{"line":4,"column":18},"end":{"line":15,"column":1}},"3":{"start":{"line":5,"column":2},"end":{"line":14,"column":4}},"4":{"start":{"line":17,"column":0},"end":{"line":17,"column":25}}},"fnMap":{"0":{"name":"(anonymous_0)","decl":{"start":{"line":4,"column":18},"end":{"line":4,"column":19}},"loc":{"start":{"line":4,"column":49},"end":{"line":15,"column":1}}}},"branchMap":{},"s":{"0":1,"1":1,"2":1,"3":3,"4":1},"f":{"0":3},"b":{}}
,"C:\\Users\\PERSONAL\\source\\HouseOfCode\\HomeOfCodeFront\\src\\components\\max\\templates\\NavigationMax.tsx": {"path":"C:\\Users\\PERSONAL\\source\\HouseOfCode\\HomeOfCodeFront\\src\\components\\max\\templates\\NavigationMax.tsx","statementMap":{"0":{"start":{"line":1,"column":0},"end":{"line":1,"column":33}},"1":{"start":{"line":2,"column":0},"end":{"line":2,"column":67}},"2":{"start":{"line":3,"column":0},"end":{"line":3,"column":55}},"3":{"start":{"line":5,"column":22},"end":{"line":54,"column":1}},"4":{"start":{"line":6,"column":40},"end":{"line":6,"column":63}},"5":{"start":{"line":7,"column":30},"end":{"line":7,"column":44}},"6":{"start":{"line":9,"column":23},"end":{"line":18,"column":3}},"7":{"start":{"line":10,"column":28},"end":{"line":10,"column":46}},"8":{"start":{"line":11,"column":4},"end":{"line":17,"column":null}},"9":{"start":{"line":12,"column":6},"end":{"line":12,"column":32}},"10":{"start":{"line":13,"column":6},"end":{"line":13,"column":21}},"11":{"start":{"line":14,"column":11},"end":{"line":17,"column":null}},"12":{"start":{"line":15,"column":6},"end":{"line":15,"column":36}},"13":{"start":{"line":16,"column":6},"end":{"line":16,"column":22}},"14":{"start":{"line":20,"column":2},"end":{"line":20,"column":50}},"15":{"start":{"line":21,"column":2},"end":{"line":53,"column":4}},"16":{"start":{"line":56,"column":0},"end":{"line":56,"column":29}}},"fnMap":{"0":{"name":"(anonymous_0)","decl":{"start":{"line":5,"column":22},"end":{"line":5,"column":25}},"loc":{"start":{"line":5,"column":27},"end":{"line":54,"column":1}}},"1":{"name":"(anonymous_1)","decl":{"start":{"line":9,"column":23},"end":{"line":9,"column":26}},"loc":{"start":{"line":9,"column":28},"end":{"line":18,"column":3}}}},"branchMap":{"0":{"loc":{"start":{"line":11,"column":4},"end":{"line":17,"column":null}},"type":"if","locations":[{"start":{"line":11,"column":4},"end":{"line":17,"column":null}},{"start":{"line":14,"column":11},"end":{"line":17,"column":null}}]},"1":{"loc":{"start":{"line":11,"column":8},"end":{"line":11,"column":60}},"type":"binary-expr","locations":[{"start":{"line":11,"column":8},"end":{"line":11,"column":27}},{"start":{"line":11,"column":31},"end":{"line":11,"column":60}}]},"2":{"loc":{"start":{"line":14,"column":11},"end":{"line":17,"column":null}},"type":"if","locations":[{"start":{"line":14,"column":11},"end":{"line":17,"column":null}}]},"3":{"loc":{"start":{"line":14,"column":15},"end":{"line":14,"column":65}},"type":"binary-expr","locations":[{"start":{"line":14,"column":15},"end":{"line":14,"column":36}},{"start":{"line":14,"column":40},"end":{"line":14,"column":65}}]}},"s":{"0":1,"1":1,"2":1,"3":1,"4":4,"5":4,"6":4,"7":0,"8":0,"9":0,"10":0,"11":0,"12":0,"13":0,"14":4,"15":4,"16":1},"f":{"0":4,"1":0},"b":{"0":[0,0],"1":[0,0],"2":[0],"3":[0,0]}}
,"C:\\Users\\PERSONAL\\source\\HouseOfCode\\HomeOfCodeFront\\src\\components\\max\\testimonials\\Testimonials.tsx": {"path":"C:\\Users\\PERSONAL\\source\\HouseOfCode\\HomeOfCodeFront\\src\\components\\max\\testimonials\\Testimonials.tsx","statementMap":{"0":{"start":{"line":1,"column":0},"end":{"line":1,"column":47}},"1":{"start":{"line":2,"column":0},"end":{"line":2,"column":47}},"2":{"start":{"line":3,"column":0},"end":{"line":3,"column":55}},"3":{"start":{"line":7,"column":2},"end":{"line":13,"column":4}},"4":{"start":{"line":16,"column":0},"end":{"line":16,"column":28}}},"fnMap":{"0":{"name":"Testimonials","decl":{"start":{"line":5,"column":9},"end":{"line":5,"column":21}},"loc":{"start":{"line":5,"column":21},"end":{"line":14,"column":1}}}},"branchMap":{},"s":{"0":1,"1":1,"2":1,"3":1,"4":1},"f":{"0":1},"b":{}}
,"C:\\Users\\PERSONAL\\source\\HouseOfCode\\HomeOfCodeFront\\src\\components\\max\\tutorials\\Tutorials.tsx": {"path":"C:\\Users\\PERSONAL\\source\\HouseOfCode\\HomeOfCodeFront\\src\\components\\max\\tutorials\\Tutorials.tsx","statementMap":{"0":{"start":{"line":1,"column":0},"end":{"line":1,"column":26}},"1":{"start":{"line":2,"column":0},"end":{"line":2,"column":55}},"2":{"start":{"line":3,"column":0},"end":{"line":3,"column":47}},"3":{"start":{"line":4,"column":0},"end":{"line":4,"column":47}},"4":{"start":{"line":5,"column":0},"end":{"line":5,"column":45}},"5":{"start":{"line":6,"column":0},"end":{"line":6,"column":44}},"6":{"start":{"line":11,"column":2},"end":{"line":19,"column":4}},"7":{"start":{"line":22,"column":0},"end":{"line":22,"column":25}}},"fnMap":{"0":{"name":"Tutorials","decl":{"start":{"line":9,"column":9},"end":{"line":9,"column":18}},"loc":{"start":{"line":9,"column":18},"end":{"line":20,"column":1}}}},"branchMap":{},"s":{"0":1,"1":1,"2":1,"3":1,"4":1,"5":1,"6":2,"7":1},"f":{"0":2},"b":{}}
,"C:\\Users\\PERSONAL\\source\\HouseOfCode\\HomeOfCodeFront\\src\\components\\max\\tutorials\\TutorialsBody.tsx": {"path":"C:\\Users\\PERSONAL\\source\\HouseOfCode\\HomeOfCodeFront\\src\\components\\max\\tutorials\\TutorialsBody.tsx","statementMap":{"0":{"start":{"line":1,"column":0},"end":{"line":1,"column":55}},"1":{"start":{"line":2,"column":0},"end":{"line":2,"column":61}},"2":{"start":{"line":3,"column":0},"end":{"line":3,"column":77}},"3":{"start":{"line":4,"column":0},"end":{"line":4,"column":46}},"4":{"start":{"line":5,"column":0},"end":{"line":5,"column":57}},"5":{"start":{"line":6,"column":0},"end":{"line":6,"column":33}},"6":{"start":{"line":8,"column":14},"end":{"line":37,"column":2}},"7":{"start":{"line":48,"column":22},"end":{"line":95,"column":1}},"8":{"start":{"line":49,"column":32},"end":{"line":49,"column":71}},"9":{"start":{"line":50,"column":2},"end":{"line":94,"column":4}},"10":{"start":{"line":63,"column":8},"end":{"line":63,"column":null}},"11":{"start":{"line":97,"column":0},"end":{"line":97,"column":29}}},"fnMap":{"0":{"name":"(anonymous_0)","decl":{"start":{"line":48,"column":22},"end":{"line":48,"column":25}},"loc":{"start":{"line":48,"column":27},"end":{"line":95,"column":1}}},"1":{"name":"(anonymous_1)","decl":{"start":{"line":62,"column":19},"end":{"line":62,"column":20}},"loc":{"start":{"line":63,"column":8},"end":{"line":63,"column":null}}}},"branchMap":{},"s":{"0":1,"1":1,"2":1,"3":1,"4":1,"5":1,"6":1,"7":1,"8":2,"9":1,"10":4,"11":1},"f":{"0":2,"1":4},"b":{}}
}
